This is pdfTeX, Version 3.14159265-2.6-1.40.20 (TeX Live 2019/W32TeX) (preloaded format=pdflatex 2019.11.24)  24 JUN 2020 19:03
entering extended mode
 restricted \write18 enabled.
 %&-line parsing enabled.
**Report.tex
(./Report.tex
LaTeX2e <2019-10-01> patch level 3
(c:/texlive/2019/texmf-dist/tex/latex/base/article.cls
Document Class: article 2019/10/25 v1.4k Standard LaTeX document class
(c:/texlive/2019/texmf-dist/tex/latex/base/size11.clo
File: size11.clo 2019/10/25 v1.4k Standard LaTeX file (size option)
)
\c@part=\count80
\c@section=\count81
\c@subsection=\count82
\c@subsubsection=\count83
\c@paragraph=\count84
\c@subparagraph=\count85
\c@figure=\count86
\c@table=\count87
\abovecaptionskip=\skip41
\belowcaptionskip=\skip42
\bibindent=\dimen102
) (./Report.aux)
\openout1 = `Report.aux'.

LaTeX Font Info:    Checking defaults for OML/cmm/m/it on input line 3.
LaTeX Font Info:    ... okay on input line 3.
LaTeX Font Info:    Checking defaults for T1/cmr/m/n on input line 3.
LaTeX Font Info:    ... okay on input line 3.
LaTeX Font Info:    Checking defaults for OT1/cmr/m/n on input line 3.
LaTeX Font Info:    ... okay on input line 3.
LaTeX Font Info:    Checking defaults for OMS/cmsy/m/n on input line 3.
LaTeX Font Info:    ... okay on input line 3.
LaTeX Font Info:    Checking defaults for OMX/cmex/m/n on input line 3.
LaTeX Font Info:    ... okay on input line 3.
LaTeX Font Info:    Checking defaults for U/cmr/m/n on input line 3.
LaTeX Font Info:    ... okay on input line 3.
LaTeX Font Info:    External font `cmex10' loaded for size
(Font)              <12> on input line 7.
LaTeX Font Info:    External font `cmex10' loaded for size
(Font)              <8> on input line 7.
LaTeX Font Info:    External font `cmex10' loaded for size
(Font)              <6> on input line 7.
 [1

{c:/texlive/2019/texmf-var/fonts/map/pdftex/updmap/pdftex.map}]
No file Report.toc.
\tf@toc=\write3
\openout3 = `Report.toc'.

[1]

LaTeX Warning: Citation `farshadnia_advanced_2018' on page 2 undefined on input
 line 15.


LaTeX Warning: Citation `farshadnia_advanced_2018' on page 2 undefined on input
 line 29.

LaTeX Font Info:    External font `cmex10' loaded for size
(Font)              <10.95> on input line 63.

LaTeX Warning: `h' float specifier changed to `ht'.


LaTeX Warning: `h' float specifier changed to `ht'.


LaTeX Warning: `h' float specifier changed to `ht'.


LaTeX Warning: Citation `alberti_theory_2011' on page 2 undefined on input line
 166.


LaTeX Warning: Citation `babitsky_investigation_2019' on page 2 undefined on in
put line 167.


LaTeX Warning: Citation `boglietti_electrical_2014' on page 2 undefined on inpu
t line 168.


LaTeX Warning: Citation `carraro_design_2018' on page 2 undefined on input line
 169.


LaTeX Warning: Citation `choi_reduction_2016' on page 2 undefined on input line
 170.


LaTeX Warning: Citation `dajaku_advanced_2019' on page 2 undefined on input lin
e 171.


LaTeX Warning: Citation `el-refaie_advanced_2014' on page 2 undefined on input 
line 172.


LaTeX Warning: Citation `el-refaie_fractional-slot_2010' on page 2 undefined on
 input line 173.


LaTeX Warning: Citation `el-refaie_fractional-slot_2013' on page 2 undefined on
 input line 174.


LaTeX Warning: Citation `farshadnia_advanced_2018' on page 2 undefined on input
 line 175.


LaTeX Warning: Citation `farshadnia_detailed_2016' on page 2 undefined on input
 line 176.


LaTeX Warning: Citation `geun-ho_lee_torque_2008' on page 2 undefined on input 
line 177.


LaTeX Warning: Citation `guemes_comparative_2010' on page 2 undefined on input 
line 178.


LaTeX Warning: Citation `han_torque_2007' on page 2 undefined on input line 179
.


LaTeX Warning: Citation `he_evaluation_2019' on page 2 undefined on input line 
180.


LaTeX Warning: Citation `howell_getting_2018' on page 2 undefined on input line
 181.


LaTeX Warning: Citation `jussila_guidelines_2007' on page 2 undefined on input 
line 182.


LaTeX Warning: Citation `masmoudi_design_2019' on page 2 undefined on input lin
e 183.


LaTeX Warning: Citation `reddy_generalized_2014' on page 2 undefined on input l
ine 184.


LaTeX Warning: Citation `seok-hee_han_torque_2010' on page 2 undefined on input
 line 185.


LaTeX Warning: Citation `yokoi_general_2016' on page 2 undefined on input line 
186.


LaTeX Warning: Citation `zhu_analysis_2018' on page 2 undefined on input line 1
87.


LaTeX Warning: Citation `zhu_novel_2019' on page 2 undefined on input line 188.



LaTeX Warning: Citation `zuopeng_design_2017' on page 2 undefined on input line
 189.

[2] [3]
No file Report.bbl.
[4] (./Report.aux)

LaTeX Warning: There were undefined references.


LaTeX Warning: Label(s) may have changed. Rerun to get cross-references right.

 ) 
Here is how much of TeX's memory you used:
 254 strings out of 492164
 2736 string characters out of 6129087
 67922 words of memory out of 5000000
 4693 multiletter control sequences out of 15000+600000
 8811 words of font info for 31 fonts, out of 8000000 for 9000
 1141 hyphenation exceptions out of 8191
 23i,7n,22p,464b,231s stack positions out of 5000i,500n,10000p,200000b,80000s
<c:/texlive/2019/texmf-dist/fonts/type1/public/amsfonts/cm/cmbx10.pfb><c:/tex
live/2019/texmf-dist/fonts/type1/public/amsfonts/cm/cmbx12.pfb><c:/texlive/2019
/texmf-dist/fonts/type1/public/amsfonts/cm/cmr10.pfb><c:/texlive/2019/texmf-dis
t/fonts/type1/public/amsfonts/cm/cmr12.pfb><c:/texlive/2019/texmf-dist/fonts/ty
pe1/public/amsfonts/cm/cmr17.pfb>
Output written on Report.pdf (5 pages, 70191 bytes).
PDF statistics:
 40 PDF objects out of 1000 (max. 8388607)
 27 compressed objects within 1 object stream
 0 named destinations out of 1000 (max. 500000)
 1 words of extra memory for PDF output out of 10000 (max. 10000000)

